2022.09.04 14:47:24 INFO  tracing is disabled for protocol LSP, to enable tracing of incoming and outgoing JSON messages create an empty file at /home/nekooftheabyss/Projects/Scala/basic-scala-programs/.metals/lsp.trace.json or /home/nekooftheabyss/.cache/metals/lsp.trace.json[0m
2022.09.04 14:47:24 INFO  logging to file /home/nekooftheabyss/Projects/Scala/basic-scala-programs/.metals/metals.log[0m
2022.09.04 14:47:24 INFO  Started: Metals version 0.11.8 in workspace '/home/nekooftheabyss/Projects/Scala/basic-scala-programs' for client Visual Studio Code 1.70.2.[0m
2022.09.04 14:47:24 WARN  Can't instantiate JavaInteractiveSemanticdb (version: JdkVersion(17), jdkHome: /usr/lib/jvm/java-17-openjdk-17.0.4.0.8-1.fc36.x86_64, javac exists: false)[0m
2022.09.04 14:47:24 WARN  Flyway upgrade recommended: H2 2.1.214 is newer than this version of Flyway and support has not been tested. The latest supported version of H2 is 2.1.210.[0m
2022.09.04 14:47:25 INFO  time: initialize in 0.55s[0m
2022.09.04 14:47:26 WARN  Build server is not auto-connectable.[0m
2022.09.04 14:47:26 WARN  no build tool detected in workspace '/home/nekooftheabyss/Projects/Scala/basic-scala-programs'. The most common cause for this problem is that the editor was opened in the wrong working directory, for example if you use sbt then the workspace directory should contain build.sbt. [0m
2022.09.04 14:47:26 WARN  no build target for: /home/nekooftheabyss/Projects/Scala/basic-scala-programs/q_1.scala[0m
2022.09.04 14:47:28 INFO  no build target found for /home/nekooftheabyss/Projects/Scala/basic-scala-programs/q_1.scala. Using presentation compiler with project's scala-library version: 3.1.3[0m
2022.09.04 14:47:30 INFO  time: code lens generation in 3.35s[0m
2022.09.04 14:47:30 INFO  time: code lens generation in 2.17s[0m
2022.09.04 14:47:30 INFO  time: code lens generation in 3.33s[0m
2022.09.04 14:47:30 INFO  time: code lens generation in 3.64s[0m
2022.09.04 14:47:30 INFO  time: code lens generation in 3.85s[0m
2022.09.04 14:47:30 INFO  time: code lens generation in 3.34s[0m
2022.09.04 14:47:30 INFO  time: code lens generation in 2.17s[0m
2022.09.04 14:47:30 INFO  time: code lens generation in 3.85s[0m
2022.09.04 14:47:30 INFO  time: code lens generation in 2.89s[0m
2022.09.04 14:47:30 INFO  time: code lens generation in 2.89s[0m
Exception in thread "pool-3-thread-1" java.lang.InterruptedException
	at scala.meta.internal.metals.FutureCancelToken.checkCanceled(FutureCancelToken.scala:29)
	at scala.meta.internal.pc.CompilerAccess.onCompilerJobQueue$$anonfun$1(CompilerAccess.scala:195)
	at scala.meta.internal.pc.CompilerJobQueue$Job.run(CompilerJobQueue.scala:152)
	at java.base/java.util.concurrent.ThreadPoolExecutor.runWorker(ThreadPoolExecutor.java:1136)
	at java.base/java.util.concurrent.ThreadPoolExecutor$Worker.run(ThreadPoolExecutor.java:635)
	at java.base/java.lang.Thread.run(Thread.java:833)
Exception in thread "pool-3-thread-2" java.lang.InterruptedException
	at scala.meta.internal.metals.FutureCancelToken.checkCanceled(FutureCancelToken.scala:29)
	at scala.meta.internal.pc.CompilerAccess.onCompilerJobQueue$$anonfun$1(CompilerAccess.scala:195)
	at scala.meta.internal.pc.CompilerJobQueue$Job.run(CompilerJobQueue.scala:152)
	at java.base/java.util.concurrent.ThreadPoolExecutor.runWorker(ThreadPoolExecutor.java:1136)
	at java.base/java.util.concurrent.ThreadPoolExecutor$Worker.run(ThreadPoolExecutor.java:635)
	at java.base/java.lang.Thread.run(Thread.java:833)
Exception in thread "pool-3-thread-3" java.lang.InterruptedException
	at scala.meta.internal.metals.FutureCancelToken.checkCanceled(FutureCancelToken.scala:29)
	at scala.meta.internal.pc.CompilerAccess.onCompilerJobQueue$$anonfun$1(CompilerAccess.scala:195)
	at scala.meta.internal.pc.CompilerJobQueue$Job.run(CompilerJobQueue.scala:152)
	at java.base/java.util.concurrent.ThreadPoolExecutor.runWorker(ThreadPoolExecutor.java:1136)
	at java.base/java.util.concurrent.ThreadPoolExecutor$Worker.run(ThreadPoolExecutor.java:635)
	at java.base/java.lang.Thread.run(Thread.java:833)
Exception in thread "pool-3-thread-4" java.lang.InterruptedException
	at scala.meta.internal.metals.FutureCancelToken.checkCanceled(FutureCancelToken.scala:29)
	at scala.meta.internal.pc.CompilerAccess.onCompilerJobQueue$$anonfun$1(CompilerAccess.scala:195)
	at scala.meta.internal.pc.CompilerJobQueue$Job.run(CompilerJobQueue.scala:152)
	at java.base/java.util.concurrent.ThreadPoolExecutor.runWorker(ThreadPoolExecutor.java:1136)
	at java.base/java.util.concurrent.ThreadPoolExecutor$Worker.run(ThreadPoolExecutor.java:635)
	at java.base/java.lang.Thread.run(Thread.java:833)
2022.09.04 14:47:30 WARN  no build target for: /home/nekooftheabyss/Projects/Scala/basic-scala-programs/q_1.scala[0m
2022.09.04 14:47:30 WARN  no build target for: /home/nekooftheabyss/Projects/Scala/basic-scala-programs/q_1.scala[0m
2022.09.04 14:47:30 WARN  no build target for: /home/nekooftheabyss/Projects/Scala/basic-scala-programs/q_1.scala[0m
2022.09.04 14:47:30 WARN  no build target for: /home/nekooftheabyss/Projects/Scala/basic-scala-programs/q_2.scala[0m
2022.09.04 14:47:40 WARN  no build target for: /home/nekooftheabyss/Projects/Scala/basic-scala-programs/q_2.scala[0m
2022.09.04 14:47:41 WARN  no build target for: /home/nekooftheabyss/Projects/Scala/basic-scala-programs/q_3.scala[0m
2022.09.04 14:48:26 WARN  no build target for: /home/nekooftheabyss/Projects/Scala/basic-scala-programs/q_3.scala[0m
2022.09.04 14:48:29 WARN  no build target for: /home/nekooftheabyss/Projects/Scala/basic-scala-programs/q_4.scala[0m
2022.09.04 14:48:37 WARN  no build target for: /home/nekooftheabyss/Projects/Scala/basic-scala-programs/q_4.scala[0m
2022.09.04 14:48:39 WARN  no build target for: /home/nekooftheabyss/Projects/Scala/basic-scala-programs/q_6.scala[0m
2022.09.04 14:48:40 WARN  no build target for: /home/nekooftheabyss/Projects/Scala/basic-scala-programs/q_5.scala[0m
2022.09.04 14:48:48 WARN  no build target for: /home/nekooftheabyss/Projects/Scala/basic-scala-programs/q_5.scala[0m
2022.09.04 14:48:49 WARN  no build target for: /home/nekooftheabyss/Projects/Scala/basic-scala-programs/q_6.scala[0m
2022.09.04 14:48:59 WARN  no build target for: /home/nekooftheabyss/Projects/Scala/basic-scala-programs/q_6.scala[0m
2022.09.04 14:49:00 WARN  no build target for: /home/nekooftheabyss/Projects/Scala/basic-scala-programs/q_7.scala[0m
2022.09.04 14:49:08 WARN  no build target for: /home/nekooftheabyss/Projects/Scala/basic-scala-programs/q_7.scala[0m
2022.09.04 14:49:09 WARN  no build target for: /home/nekooftheabyss/Projects/Scala/basic-scala-programs/q_8.scala[0m
2022.09.04 14:49:17 WARN  no build target for: /home/nekooftheabyss/Projects/Scala/basic-scala-programs/q_8.scala[0m
2022.09.04 14:49:18 WARN  no build target for: /home/nekooftheabyss/Projects/Scala/basic-scala-programs/q_9.scala[0m
2022.09.04 14:49:25 WARN  no build target for: /home/nekooftheabyss/Projects/Scala/basic-scala-programs/q_9.scala[0m
2022.09.04 14:49:26 WARN  no build target for: /home/nekooftheabyss/Projects/Scala/basic-scala-programs/q_10.scala[0m
2022.09.04 14:49:35 WARN  no build target for: /home/nekooftheabyss/Projects/Scala/basic-scala-programs/q_10.scala[0m
Sep 04, 2022 2:49:48 PM org.eclipse.lsp4j.jsonrpc.services.GenericEndpoint notify
INFO: Unsupported notification method: $/setTrace
